2018-09-07 15:07:44 Notice: Deprecated (16384): Using key `action` is deprecated, use `url` directly instead. in [/var/www/html/orangescrum-master/lib/Cake/View/Helper/FormHelper.php, line 383]
Trace:
ErrorHandler::handleError() - CORE/Cake/Error/ErrorHandler.php, line 230
FormHelper::create() - CORE/Cake/View/Helper/FormHelper.php, line 383
include - APP/View/Users/login.ctp, line 121
View::_evaluate() - CORE/Cake/View/View.php, line 971
View::_render() - CORE/Cake/View/View.php, line 933
View::render() - CORE/Cake/View/View.php, line 473
Controller::render() - CORE/Cake/Controller/Controller.php, line 963
Dispatcher::_invoke() - CORE/Cake/Routing/Dispatcher.php, line 200
Dispatcher::dispatch() - CORE/Cake/Routing/Dispatcher.php, line 167
[main] - APP/webroot/index.php, line 92

2018-09-10 06:00:24 Notice: Deprecated (16384): Using key `action` is deprecated, use `url` directly instead. in [/var/www/html/orangescrum-master/lib/Cake/View/Helper/FormHelper.php, line 383]
Trace:
ErrorHandler::handleError() - CORE/Cake/Error/ErrorHandler.php, line 230
FormHelper::create() - CORE/Cake/View/Helper/FormHelper.php, line 383
include - APP/View/Users/login.ctp, line 121
View::_evaluate() - CORE/Cake/View/View.php, line 971
View::_render() - CORE/Cake/View/View.php, line 933
View::render() - CORE/Cake/View/View.php, line 473
Controller::render() - CORE/Cake/Controller/Controller.php, line 963
Dispatcher::_invoke() - CORE/Cake/Routing/Dispatcher.php, line 200
Dispatcher::dispatch() - CORE/Cake/Routing/Dispatcher.php, line 167
[main] - APP/webroot/index.php, line 92

2018-09-10 06:44:09 Notice: Deprecated (16384): Using key `action` is deprecated, use `url` directly instead. in [/var/www/html/orangescrum-master/lib/Cake/View/Helper/FormHelper.php, line 383]
Trace:
ErrorHandler::handleError() - CORE/Cake/Error/ErrorHandler.php, line 230
FormHelper::create() - CORE/Cake/View/Helper/FormHelper.php, line 383
include - APP/View/Users/login.ctp, line 121
View::_evaluate() - CORE/Cake/View/View.php, line 971
View::_render() - CORE/Cake/View/View.php, line 933
View::render() - CORE/Cake/View/View.php, line 473
Controller::render() - CORE/Cake/Controller/Controller.php, line 963
Dispatcher::_invoke() - CORE/Cake/Routing/Dispatcher.php, line 200
Dispatcher::dispatch() - CORE/Cake/Routing/Dispatcher.php, line 167
[main] - APP/webroot/index.php, line 92

2018-09-10 10:36:31 Notice: Deprecated (16384): Using key `action` is deprecated, use `url` directly instead. in [/var/www/html/orangescrum-master/lib/Cake/View/Helper/FormHelper.php, line 383]
Trace:
ErrorHandler::handleError() - CORE/Cake/Error/ErrorHandler.php, line 230
FormHelper::create() - CORE/Cake/View/Helper/FormHelper.php, line 383
include - APP/View/Users/login.ctp, line 121
View::_evaluate() - CORE/Cake/View/View.php, line 971
View::_render() - CORE/Cake/View/View.php, line 933
View::render() - CORE/Cake/View/View.php, line 473
Controller::render() - CORE/Cake/Controller/Controller.php, line 963
Dispatcher::_invoke() - CORE/Cake/Routing/Dispatcher.php, line 200
Dispatcher::dispatch() - CORE/Cake/Routing/Dispatcher.php, line 167
[main] - APP/webroot/index.php, line 92

2018-09-10 10:57:33 Notice: Notice (8): Constant DESK_NOTIFY already defined in [/var/www/html/orangescrum-master/app/Controller/AppController.php, line 232]
2018-09-10 10:57:33 Notice: Notice (8): Constant TOT_COMPANY already defined in [/var/www/html/orangescrum-master/app/Controller/AppController.php, line 241]
2018-09-10 10:57:33 Notice: Notice (8): Constant USER_TYPE already defined in [/var/www/html/orangescrum-master/app/Controller/AppController.php, line 242]
2018-09-10 10:57:33 Notice: Notice (8): Constant IS_MODERATOR already defined in [/var/www/html/orangescrum-master/app/Controller/AppController.php, line 243]
2018-09-10 10:57:33 Notice: Notice (8): Undefined variable: defaultAssign in [/var/www/html/orangescrum-master/app/View/Elements/footer_inner.ctp, line 37]
2018-09-12 13:52:23 Notice: Deprecated (16384): Using key `action` is deprecated, use `url` directly instead. in [/var/www/html/orangescrum-master/lib/Cake/View/Helper/FormHelper.php, line 383]
Trace:
ErrorHandler::handleError() - CORE/Cake/Error/ErrorHandler.php, line 230
FormHelper::create() - CORE/Cake/View/Helper/FormHelper.php, line 383
include - APP/View/Users/login.ctp, line 121
View::_evaluate() - CORE/Cake/View/View.php, line 971
View::_render() - CORE/Cake/View/View.php, line 933
View::render() - CORE/Cake/View/View.php, line 473
Controller::render() - CORE/Cake/Controller/Controller.php, line 963
Dispatcher::_invoke() - CORE/Cake/Routing/Dispatcher.php, line 200
Dispatcher::dispatch() - CORE/Cake/Routing/Dispatcher.php, line 167
[main] - APP/webroot/index.php, line 92

2018-09-12 13:53:05 Notice: Notice (8): Constant DESK_NOTIFY already defined in [/var/www/html/orangescrum-master/app/Controller/AppController.php, line 232]
2018-09-12 13:53:05 Notice: Notice (8): Constant TOT_COMPANY already defined in [/var/www/html/orangescrum-master/app/Controller/AppController.php, line 241]
2018-09-12 13:53:05 Notice: Notice (8): Constant USER_TYPE already defined in [/var/www/html/orangescrum-master/app/Controller/AppController.php, line 242]
2018-09-12 13:53:05 Notice: Notice (8): Constant IS_MODERATOR already defined in [/var/www/html/orangescrum-master/app/Controller/AppController.php, line 243]
2018-09-12 13:53:05 Notice: Notice (8): Undefined variable: defaultAssign in [/var/www/html/orangescrum-master/app/View/Elements/footer_inner.ctp, line 37]
2018-09-12 14:23:40 Notice: Deprecated (16384): Using key `action` is deprecated, use `url` directly instead. in [/var/www/html/orangescrum-master/lib/Cake/View/Helper/FormHelper.php, line 383]
Trace:
ErrorHandler::handleError() - CORE/Cake/Error/ErrorHandler.php, line 230
FormHelper::create() - CORE/Cake/View/Helper/FormHelper.php, line 383
include - APP/View/Users/login.ctp, line 121
View::_evaluate() - CORE/Cake/View/View.php, line 971
View::_render() - CORE/Cake/View/View.php, line 933
View::render() - CORE/Cake/View/View.php, line 473
Controller::render() - CORE/Cake/Controller/Controller.php, line 963
Dispatcher::_invoke() - CORE/Cake/Routing/Dispatcher.php, line 200
Dispatcher::dispatch() - CORE/Cake/Routing/Dispatcher.php, line 167
[main] - APP/webroot/index.php, line 92

2018-09-12 14:24:49 Notice: Notice (8): Constant DESK_NOTIFY already defined in [/var/www/html/orangescrum-master/app/Controller/AppController.php, line 232]
2018-09-12 14:24:49 Notice: Notice (8): Constant TOT_COMPANY already defined in [/var/www/html/orangescrum-master/app/Controller/AppController.php, line 241]
2018-09-12 14:24:49 Notice: Notice (8): Constant USER_TYPE already defined in [/var/www/html/orangescrum-master/app/Controller/AppController.php, line 242]
2018-09-12 14:24:49 Notice: Notice (8): Constant IS_MODERATOR already defined in [/var/www/html/orangescrum-master/app/Controller/AppController.php, line 243]
2018-09-12 14:24:49 Notice: Notice (8): Undefined variable: defaultAssign in [/var/www/html/orangescrum-master/app/View/Elements/footer_inner.ctp, line 37]
2018-09-12 14:25:06 Notice: Deprecated (16384): Using key `action` is deprecated, use `url` directly instead. in [/var/www/html/orangescrum-master/lib/Cake/View/Helper/FormHelper.php, line 383]
Trace:
ErrorHandler::handleError() - CORE/Cake/Error/ErrorHandler.php, line 230
FormHelper::create() - CORE/Cake/View/Helper/FormHelper.php, line 383
include - APP/View/Users/login.ctp, line 121
View::_evaluate() - CORE/Cake/View/View.php, line 971
View::_render() - CORE/Cake/View/View.php, line 933
View::render() - CORE/Cake/View/View.php, line 473
Controller::render() - CORE/Cake/Controller/Controller.php, line 963
Dispatcher::_invoke() - CORE/Cake/Routing/Dispatcher.php, line 200
Dispatcher::dispatch() - CORE/Cake/Routing/Dispatcher.php, line 167
[main] - APP/webroot/index.php, line 92

2018-09-12 15:04:18 Notice: Deprecated (16384): Using key `action` is deprecated, use `url` directly instead. in [/var/www/html/orangescrum-master/lib/Cake/View/Helper/FormHelper.php, line 383]
Trace:
ErrorHandler::handleError() - CORE/Cake/Error/ErrorHandler.php, line 230
FormHelper::create() - CORE/Cake/View/Helper/FormHelper.php, line 383
include - APP/View/Users/login.ctp, line 121
View::_evaluate() - CORE/Cake/View/View.php, line 971
View::_render() - CORE/Cake/View/View.php, line 933
View::render() - CORE/Cake/View/View.php, line 473
Controller::render() - CORE/Cake/Controller/Controller.php, line 963
Dispatcher::_invoke() - CORE/Cake/Routing/Dispatcher.php, line 200
Dispatcher::dispatch() - CORE/Cake/Routing/Dispatcher.php, line 167
[main] - APP/webroot/index.php, line 92

2018-09-12 15:05:31 Notice: Deprecated (16384): Using key `action` is deprecated, use `url` directly instead. in [/var/www/html/orangescrum-master/lib/Cake/View/Helper/FormHelper.php, line 383]
Trace:
ErrorHandler::handleError() - CORE/Cake/Error/ErrorHandler.php, line 230
FormHelper::create() - CORE/Cake/View/Helper/FormHelper.php, line 383
include - APP/View/Users/login.ctp, line 121
View::_evaluate() - CORE/Cake/View/View.php, line 971
View::_render() - CORE/Cake/View/View.php, line 933
View::render() - CORE/Cake/View/View.php, line 473
Controller::render() - CORE/Cake/Controller/Controller.php, line 963
Dispatcher::_invoke() - CORE/Cake/Routing/Dispatcher.php, line 200
Dispatcher::dispatch() - CORE/Cake/Routing/Dispatcher.php, line 167
[main] - APP/webroot/index.php, line 92

2018-09-12 15:06:03 Notice: Deprecated (16384): Using key `action` is deprecated, use `url` directly instead. in [/var/www/html/orangescrum-master/lib/Cake/View/Helper/FormHelper.php, line 383]
Trace:
ErrorHandler::handleError() - CORE/Cake/Error/ErrorHandler.php, line 230
FormHelper::create() - CORE/Cake/View/Helper/FormHelper.php, line 383
include - APP/View/Users/login.ctp, line 121
View::_evaluate() - CORE/Cake/View/View.php, line 971
View::_render() - CORE/Cake/View/View.php, line 933
View::render() - CORE/Cake/View/View.php, line 473
Controller::render() - CORE/Cake/Controller/Controller.php, line 963
Dispatcher::_invoke() - CORE/Cake/Routing/Dispatcher.php, line 200
Dispatcher::dispatch() - CORE/Cake/Routing/Dispatcher.php, line 167
[main] - APP/webroot/index.php, line 92

2018-09-12 15:07:03 Notice: Deprecated (16384): Using key `action` is deprecated, use `url` directly instead. in [/var/www/html/orangescrum-master/lib/Cake/View/Helper/FormHelper.php, line 383]
Trace:
ErrorHandler::handleError() - CORE/Cake/Error/ErrorHandler.php, line 230
FormHelper::create() - CORE/Cake/View/Helper/FormHelper.php, line 383
include - APP/View/Users/login.ctp, line 121
View::_evaluate() - CORE/Cake/View/View.php, line 971
View::_render() - CORE/Cake/View/View.php, line 933
View::render() - CORE/Cake/View/View.php, line 473
Controller::render() - CORE/Cake/Controller/Controller.php, line 963
Dispatcher::_invoke() - CORE/Cake/Routing/Dispatcher.php, line 200
Dispatcher::dispatch() - CORE/Cake/Routing/Dispatcher.php, line 167
[main] - APP/webroot/index.php, line 92

2018-09-12 15:16:06 Notice: Deprecated (16384): Using key `action` is deprecated, use `url` directly instead. in [/var/www/html/orangescrum-master/lib/Cake/View/Helper/FormHelper.php, line 383]
Trace:
ErrorHandler::handleError() - CORE/Cake/Error/ErrorHandler.php, line 230
FormHelper::create() - CORE/Cake/View/Helper/FormHelper.php, line 383
include - APP/View/Users/login.ctp, line 121
View::_evaluate() - CORE/Cake/View/View.php, line 971
View::_render() - CORE/Cake/View/View.php, line 933
View::render() - CORE/Cake/View/View.php, line 473
Controller::render() - CORE/Cake/Controller/Controller.php, line 963
Dispatcher::_invoke() - CORE/Cake/Routing/Dispatcher.php, line 200
Dispatcher::dispatch() - CORE/Cake/Routing/Dispatcher.php, line 167
[main] - APP/webroot/index.php, line 92

2018-09-12 15:16:40 Notice: Deprecated (16384): Using key `action` is deprecated, use `url` directly instead. in [/var/www/html/orangescrum-master/lib/Cake/View/Helper/FormHelper.php, line 383]
Trace:
ErrorHandler::handleError() - CORE/Cake/Error/ErrorHandler.php, line 230
FormHelper::create() - CORE/Cake/View/Helper/FormHelper.php, line 383
include - APP/View/Users/login.ctp, line 121
View::_evaluate() - CORE/Cake/View/View.php, line 971
View::_render() - CORE/Cake/View/View.php, line 933
View::render() - CORE/Cake/View/View.php, line 473
Controller::render() - CORE/Cake/Controller/Controller.php, line 963
Dispatcher::_invoke() - CORE/Cake/Routing/Dispatcher.php, line 200
Dispatcher::dispatch() - CORE/Cake/Routing/Dispatcher.php, line 167
[main] - APP/webroot/index.php, line 92

2018-09-12 15:18:26 Notice: Deprecated (16384): Using key `action` is deprecated, use `url` directly instead. in [/var/www/html/orangescrum-master/lib/Cake/View/Helper/FormHelper.php, line 383]
Trace:
ErrorHandler::handleError() - CORE/Cake/Error/ErrorHandler.php, line 230
FormHelper::create() - CORE/Cake/View/Helper/FormHelper.php, line 383
include - APP/View/Users/login.ctp, line 121
View::_evaluate() - CORE/Cake/View/View.php, line 971
View::_render() - CORE/Cake/View/View.php, line 933
View::render() - CORE/Cake/View/View.php, line 473
Controller::render() - CORE/Cake/Controller/Controller.php, line 963
Dispatcher::_invoke() - CORE/Cake/Routing/Dispatcher.php, line 200
Dispatcher::dispatch() - CORE/Cake/Routing/Dispatcher.php, line 167
[main] - APP/webroot/index.php, line 92

2018-09-14 07:50:09 Notice: Deprecated (16384): Using key `action` is deprecated, use `url` directly instead. in [/var/www/html/orangescrum-master/lib/Cake/View/Helper/FormHelper.php, line 383]
Trace:
ErrorHandler::handleError() - CORE/Cake/Error/ErrorHandler.php, line 230
FormHelper::create() - CORE/Cake/View/Helper/FormHelper.php, line 383
include - APP/View/Users/login.ctp, line 121
View::_evaluate() - CORE/Cake/View/View.php, line 971
View::_render() - CORE/Cake/View/View.php, line 933
View::render() - CORE/Cake/View/View.php, line 473
Controller::render() - CORE/Cake/Controller/Controller.php, line 963
Dispatcher::_invoke() - CORE/Cake/Routing/Dispatcher.php, line 200
Dispatcher::dispatch() - CORE/Cake/Routing/Dispatcher.php, line 167
[main] - APP/webroot/index.php, line 92

2018-09-14 14:27:18 Notice: Deprecated (16384): Using key `action` is deprecated, use `url` directly instead. in [/var/www/html/orangescrum-master/lib/Cake/View/Helper/FormHelper.php, line 383]
Trace:
ErrorHandler::handleError() - CORE/Cake/Error/ErrorHandler.php, line 230
FormHelper::create() - CORE/Cake/View/Helper/FormHelper.php, line 383
include - APP/View/Users/login.ctp, line 121
View::_evaluate() - CORE/Cake/View/View.php, line 971
View::_render() - CORE/Cake/View/View.php, line 933
View::render() - CORE/Cake/View/View.php, line 473
Controller::render() - CORE/Cake/Controller/Controller.php, line 963
Dispatcher::_invoke() - CORE/Cake/Routing/Dispatcher.php, line 200
Dispatcher::dispatch() - CORE/Cake/Routing/Dispatcher.php, line 167
[main] - APP/webroot/index.php, line 92

2018-09-14 14:53:55 Notice: Deprecated (16384): Using key `action` is deprecated, use `url` directly instead. in [/var/www/html/orangescrum-master/lib/Cake/View/Helper/FormHelper.php, line 383]
Trace:
ErrorHandler::handleError() - CORE/Cake/Error/ErrorHandler.php, line 230
FormHelper::create() - CORE/Cake/View/Helper/FormHelper.php, line 383
include - APP/View/Users/login.ctp, line 121
View::_evaluate() - CORE/Cake/View/View.php, line 971
View::_render() - CORE/Cake/View/View.php, line 933
View::render() - CORE/Cake/View/View.php, line 473
Controller::render() - CORE/Cake/Controller/Controller.php, line 963
Dispatcher::_invoke() - CORE/Cake/Routing/Dispatcher.php, line 200
Dispatcher::dispatch() - CORE/Cake/Routing/Dispatcher.php, line 167
[main] - APP/webroot/index.php, line 92

2018-09-14 14:54:31 Notice: Deprecated (16384): Using key `action` is deprecated, use `url` directly instead. in [/var/www/html/orangescrum-master/lib/Cake/View/Helper/FormHelper.php, line 383]
Trace:
ErrorHandler::handleError() - CORE/Cake/Error/ErrorHandler.php, line 230
FormHelper::create() - CORE/Cake/View/Helper/FormHelper.php, line 383
include - APP/View/Users/login.ctp, line 121
View::_evaluate() - CORE/Cake/View/View.php, line 971
View::_render() - CORE/Cake/View/View.php, line 933
View::render() - CORE/Cake/View/View.php, line 473
Controller::render() - CORE/Cake/Controller/Controller.php, line 963
Dispatcher::_invoke() - CORE/Cake/Routing/Dispatcher.php, line 200
Dispatcher::dispatch() - CORE/Cake/Routing/Dispatcher.php, line 167
[main] - APP/webroot/index.php, line 92

2018-09-14 14:55:52 Notice: Deprecated (16384): Using key `action` is deprecated, use `url` directly instead. in [/var/www/html/orangescrum-master/lib/Cake/View/Helper/FormHelper.php, line 383]
Trace:
ErrorHandler::handleError() - CORE/Cake/Error/ErrorHandler.php, line 230
FormHelper::create() - CORE/Cake/View/Helper/FormHelper.php, line 383
include - APP/View/Users/login.ctp, line 121
View::_evaluate() - CORE/Cake/View/View.php, line 971
View::_render() - CORE/Cake/View/View.php, line 933
View::render() - CORE/Cake/View/View.php, line 473
Controller::render() - CORE/Cake/Controller/Controller.php, line 963
Dispatcher::_invoke() - CORE/Cake/Routing/Dispatcher.php, line 200
Dispatcher::dispatch() - CORE/Cake/Routing/Dispatcher.php, line 167
[main] - APP/webroot/index.php, line 92

2018-09-17 07:01:48 Notice: Deprecated (16384): Using key `action` is deprecated, use `url` directly instead. in [/var/www/html/orangescrum-master/lib/Cake/View/Helper/FormHelper.php, line 383]
Trace:
ErrorHandler::handleError() - CORE/Cake/Error/ErrorHandler.php, line 230
FormHelper::create() - CORE/Cake/View/Helper/FormHelper.php, line 383
include - APP/View/Users/login.ctp, line 121
View::_evaluate() - CORE/Cake/View/View.php, line 971
View::_render() - CORE/Cake/View/View.php, line 933
View::render() - CORE/Cake/View/View.php, line 473
Controller::render() - CORE/Cake/Controller/Controller.php, line 963
Dispatcher::_invoke() - CORE/Cake/Routing/Dispatcher.php, line 200
Dispatcher::dispatch() - CORE/Cake/Routing/Dispatcher.php, line 167
[main] - APP/webroot/index.php, line 92

2018-09-17 07:32:59 Notice: Deprecated (16384): Using key `action` is deprecated, use `url` directly instead. in [/var/www/html/orangescrum-master/lib/Cake/View/Helper/FormHelper.php, line 383]
Trace:
ErrorHandler::handleError() - CORE/Cake/Error/ErrorHandler.php, line 230
FormHelper::create() - CORE/Cake/View/Helper/FormHelper.php, line 383
include - APP/View/Users/login.ctp, line 121
View::_evaluate() - CORE/Cake/View/View.php, line 971
View::_render() - CORE/Cake/View/View.php, line 933
View::render() - CORE/Cake/View/View.php, line 473
Controller::render() - CORE/Cake/Controller/Controller.php, line 963
Dispatcher::_invoke() - CORE/Cake/Routing/Dispatcher.php, line 200
Dispatcher::dispatch() - CORE/Cake/Routing/Dispatcher.php, line 167
[main] - APP/webroot/index.php, line 92

2018-09-17 07:43:02 Notice: Deprecated (16384): Using key `action` is deprecated, use `url` directly instead. in [/var/www/html/orangescrum-master/lib/Cake/View/Helper/FormHelper.php, line 383]
Trace:
ErrorHandler::handleError() - CORE/Cake/Error/ErrorHandler.php, line 230
FormHelper::create() - CORE/Cake/View/Helper/FormHelper.php, line 383
include - APP/View/Users/login.ctp, line 121
View::_evaluate() - CORE/Cake/View/View.php, line 971
View::_render() - CORE/Cake/View/View.php, line 933
View::render() - CORE/Cake/View/View.php, line 473
Controller::render() - CORE/Cake/Controller/Controller.php, line 963
Dispatcher::_invoke() - CORE/Cake/Routing/Dispatcher.php, line 200
Dispatcher::dispatch() - CORE/Cake/Routing/Dispatcher.php, line 167
[main] - APP/webroot/index.php, line 92

2018-09-17 07:59:13 Notice: Deprecated (16384): Using key `action` is deprecated, use `url` directly instead. in [/var/www/html/orangescrum-master/lib/Cake/View/Helper/FormHelper.php, line 383]
Trace:
ErrorHandler::handleError() - CORE/Cake/Error/ErrorHandler.php, line 230
FormHelper::create() - CORE/Cake/View/Helper/FormHelper.php, line 383
include - APP/View/Users/login.ctp, line 121
View::_evaluate() - CORE/Cake/View/View.php, line 971
View::_render() - CORE/Cake/View/View.php, line 933
View::render() - CORE/Cake/View/View.php, line 473
Controller::render() - CORE/Cake/Controller/Controller.php, line 963
Dispatcher::_invoke() - CORE/Cake/Routing/Dispatcher.php, line 200
Dispatcher::dispatch() - CORE/Cake/Routing/Dispatcher.php, line 167
[main] - APP/webroot/index.php, line 92

2018-09-17 08:46:06 Notice: Deprecated (16384): Using key `action` is deprecated, use `url` directly instead. in [/var/www/html/orangescrum-master/lib/Cake/View/Helper/FormHelper.php, line 383]
Trace:
ErrorHandler::handleError() - CORE/Cake/Error/ErrorHandler.php, line 230
FormHelper::create() - CORE/Cake/View/Helper/FormHelper.php, line 383
include - APP/View/Users/login.ctp, line 121
View::_evaluate() - CORE/Cake/View/View.php, line 971
View::_render() - CORE/Cake/View/View.php, line 933
View::render() - CORE/Cake/View/View.php, line 473
Controller::render() - CORE/Cake/Controller/Controller.php, line 963
Dispatcher::_invoke() - CORE/Cake/Routing/Dispatcher.php, line 200
Dispatcher::dispatch() - CORE/Cake/Routing/Dispatcher.php, line 167
[main] - APP/webroot/index.php, line 92

